[2022-04-24 10:35:17,102] {taskinstance.py:1032} INFO - Dependencies all met for <TaskInstance: bq_ingestion_dag.bigquery_external_table_task manual__2022-04-24T10:33:59.732023+00:00 [queued]>
[2022-04-24 10:35:17,114] {taskinstance.py:1032} INFO - Dependencies all met for <TaskInstance: bq_ingestion_dag.bigquery_external_table_task manual__2022-04-24T10:33:59.732023+00:00 [queued]>
[2022-04-24 10:35:17,114] {taskinstance.py:1238} INFO - 
--------------------------------------------------------------------------------
[2022-04-24 10:35:17,114] {taskinstance.py:1239} INFO - Starting attempt 1 of 2
[2022-04-24 10:35:17,114] {taskinstance.py:1240} INFO - 
--------------------------------------------------------------------------------
[2022-04-24 10:35:17,126] {taskinstance.py:1259} INFO - Executing <Task(BigQueryCreateExternalTableOperator): bigquery_external_table_task> on 2022-04-24 10:33:59.732023+00:00
[2022-04-24 10:35:17,132] {standard_task_runner.py:52} INFO - Started process 176 to run task
[2022-04-24 10:35:17,136] {standard_task_runner.py:76} INFO - Running: ['***', 'tasks', 'run', 'bq_ingestion_dag', 'bigquery_external_table_task', 'manual__2022-04-24T10:33:59.732023+00:00', '--job-id', '103', '--raw', '--subdir', 'DAGS_FOLDER/bq_ingestion_dag.py', '--cfg-path', '/tmp/tmpgak711e5', '--error-file', '/tmp/tmp12pvnb0v']
[2022-04-24 10:35:17,137] {standard_task_runner.py:77} INFO - Job 103: Subtask bigquery_external_table_task
[2022-04-24 10:35:17,198] {logging_mixin.py:109} INFO - Running <TaskInstance: bq_ingestion_dag.bigquery_external_table_task manual__2022-04-24T10:33:59.732023+00:00 [running]> on host 8273b81fdd35
[2022-04-24 10:35:17,276] {taskinstance.py:1426} INFO - Exporting the following env vars:
AIRFLOW_CTX_DAG_OWNER=***
AIRFLOW_CTX_DAG_ID=bq_ingestion_dag
AIRFLOW_CTX_TASK_ID=bigquery_external_table_task
AIRFLOW_CTX_EXECUTION_DATE=2022-04-24T10:33:59.732023+00:00
AIRFLOW_CTX_DAG_RUN_ID=manual__2022-04-24T10:33:59.732023+00:00
[2022-04-24 10:35:17,278] {crypto.py:82} WARNING - empty cryptography key - values will not be stored encrypted.
[2022-04-24 10:35:18,369] {taskinstance.py:1277} INFO - Marking task as SUCCESS. dag_id=bq_ingestion_dag, task_id=bigquery_external_table_task, execution_date=20220424T103359, start_date=20220424T103517, end_date=20220424T103518
[2022-04-24 10:35:18,435] {local_task_job.py:154} INFO - Task exited with return code 0
[2022-04-24 10:35:18,469] {local_task_job.py:264} INFO - 0 downstream tasks scheduled from follow-on schedule check
