[2022-04-24 09:11:07,178] {taskinstance.py:1032} INFO - Dependencies all met for <TaskInstance: bq_ingestion_dag.download_dataset_task scheduled__2022-04-23T00:00:00+00:00 [queued]>
[2022-04-24 09:11:07,187] {taskinstance.py:1032} INFO - Dependencies all met for <TaskInstance: bq_ingestion_dag.download_dataset_task scheduled__2022-04-23T00:00:00+00:00 [queued]>
[2022-04-24 09:11:07,187] {taskinstance.py:1238} INFO - 
--------------------------------------------------------------------------------
[2022-04-24 09:11:07,187] {taskinstance.py:1239} INFO - Starting attempt 1 of 2
[2022-04-24 09:11:07,187] {taskinstance.py:1240} INFO - 
--------------------------------------------------------------------------------
[2022-04-24 09:11:07,198] {taskinstance.py:1259} INFO - Executing <Task(BashOperator): download_dataset_task> on 2022-04-23 00:00:00+00:00
[2022-04-24 09:11:07,203] {standard_task_runner.py:52} INFO - Started process 4441 to run task
[2022-04-24 09:11:07,206] {standard_task_runner.py:76} INFO - Running: ['***', 'tasks', 'run', 'bq_ingestion_dag', 'download_dataset_task', 'scheduled__2022-04-23T00:00:00+00:00', '--job-id', '56', '--raw', '--subdir', 'DAGS_FOLDER/bq_ingestion_dag.py', '--cfg-path', '/tmp/tmpjtyzk3ga', '--error-file', '/tmp/tmpyemy2_u7']
[2022-04-24 09:11:07,207] {standard_task_runner.py:77} INFO - Job 56: Subtask download_dataset_task
[2022-04-24 09:11:07,250] {logging_mixin.py:109} INFO - Running <TaskInstance: bq_ingestion_dag.download_dataset_task scheduled__2022-04-23T00:00:00+00:00 [running]> on host 9b64561dbf51
[2022-04-24 09:11:07,295] {taskinstance.py:1426} INFO - Exporting the following env vars:
AIRFLOW_CTX_DAG_OWNER=***
AIRFLOW_CTX_DAG_ID=bq_ingestion_dag
AIRFLOW_CTX_TASK_ID=download_dataset_task
AIRFLOW_CTX_EXECUTION_DATE=2022-04-23T00:00:00+00:00
AIRFLOW_CTX_DAG_RUN_ID=scheduled__2022-04-23T00:00:00+00:00
[2022-04-24 09:11:07,296] {subprocess.py:62} INFO - Tmp dir root location: 
 /tmp
[2022-04-24 09:11:07,296] {subprocess.py:74} INFO - Running command: ['bash', '-c', 'curl -sSL https://s3.amazonaws.com/nyc-tlc/trip+data/yellow_tripdata_2021-01.csv > /opt/***/yellow_tripdata_2021-01.csv']
[2022-04-24 09:11:07,308] {subprocess.py:85} INFO - Output:
[2022-04-24 09:15:11,894] {subprocess.py:93} INFO - Command exited with return code 0
[2022-04-24 09:15:11,927] {taskinstance.py:1277} INFO - Marking task as SUCCESS. dag_id=bq_ingestion_dag, task_id=download_dataset_task, execution_date=20220423T000000, start_date=20220424T091107, end_date=20220424T091511
[2022-04-24 09:15:11,952] {local_task_job.py:154} INFO - Task exited with return code 0
[2022-04-24 09:15:11,982] {local_task_job.py:264} INFO - 1 downstream tasks scheduled from follow-on schedule check
