[2022-04-24 03:28:45,088] {taskinstance.py:1032} INFO - Dependencies all met for <TaskInstance: simple_dag.sleep scheduled__2022-04-23T00:00:00+00:00 [queued]>
[2022-04-24 03:28:45,150] {taskinstance.py:1032} INFO - Dependencies all met for <TaskInstance: simple_dag.sleep scheduled__2022-04-23T00:00:00+00:00 [queued]>
[2022-04-24 03:28:45,150] {taskinstance.py:1238} INFO - 
--------------------------------------------------------------------------------
[2022-04-24 03:28:45,150] {taskinstance.py:1239} INFO - Starting attempt 1 of 1
[2022-04-24 03:28:45,150] {taskinstance.py:1240} INFO - 
--------------------------------------------------------------------------------
[2022-04-24 03:28:45,213] {taskinstance.py:1259} INFO - Executing <Task(BashOperator): sleep> on 2022-04-23 00:00:00+00:00
[2022-04-24 03:28:45,219] {standard_task_runner.py:52} INFO - Started process 2621 to run task
[2022-04-24 03:28:45,222] {standard_task_runner.py:76} INFO - Running: ['***', 'tasks', 'run', 'simple_dag', 'sleep', 'scheduled__2022-04-23T00:00:00+00:00', '--job-id', '49', '--raw', '--subdir', 'DAGS_FOLDER/simple_dag.py', '--cfg-path', '/tmp/tmp3efgqoh0', '--error-file', '/tmp/tmp8cmhiqac']
[2022-04-24 03:28:45,223] {standard_task_runner.py:77} INFO - Job 49: Subtask sleep
[2022-04-24 03:28:45,280] {logging_mixin.py:109} INFO - Running <TaskInstance: simple_dag.sleep scheduled__2022-04-23T00:00:00+00:00 [running]> on host 9b64561dbf51
[2022-04-24 03:28:45,352] {taskinstance.py:1426} INFO - Exporting the following env vars:
AIRFLOW_CTX_DAG_OWNER=***
AIRFLOW_CTX_DAG_ID=simple_dag
AIRFLOW_CTX_TASK_ID=sleep
AIRFLOW_CTX_EXECUTION_DATE=2022-04-23T00:00:00+00:00
AIRFLOW_CTX_DAG_RUN_ID=scheduled__2022-04-23T00:00:00+00:00
[2022-04-24 03:28:45,353] {subprocess.py:62} INFO - Tmp dir root location: 
 /tmp
[2022-04-24 03:28:45,354] {subprocess.py:74} INFO - Running command: ['bash', '-c', 'sleep 3']
[2022-04-24 03:28:45,367] {subprocess.py:85} INFO - Output:
[2022-04-24 03:28:48,374] {subprocess.py:93} INFO - Command exited with return code 0
[2022-04-24 03:28:48,409] {taskinstance.py:1277} INFO - Marking task as SUCCESS. dag_id=simple_dag, task_id=sleep, execution_date=20220423T000000, start_date=20220424T032845, end_date=20220424T032848
[2022-04-24 03:28:48,454] {local_task_job.py:154} INFO - Task exited with return code 0
[2022-04-24 03:28:48,507] {local_task_job.py:264} INFO - 1 downstream tasks scheduled from follow-on schedule check
