[2022-04-24 05:13:22,559] {taskinstance.py:1032} INFO - Dependencies all met for <TaskInstance: simple_dag.print_end manual__2022-04-24T05:13:16.865098+00:00 [queued]>
[2022-04-24 05:13:22,577] {taskinstance.py:1032} INFO - Dependencies all met for <TaskInstance: simple_dag.print_end manual__2022-04-24T05:13:16.865098+00:00 [queued]>
[2022-04-24 05:13:22,577] {taskinstance.py:1238} INFO - 
--------------------------------------------------------------------------------
[2022-04-24 05:13:22,577] {taskinstance.py:1239} INFO - Starting attempt 1 of 1
[2022-04-24 05:13:22,578] {taskinstance.py:1240} INFO - 
--------------------------------------------------------------------------------
[2022-04-24 05:13:22,612] {taskinstance.py:1259} INFO - Executing <Task(BashOperator): print_end> on 2022-04-24 05:13:16.865098+00:00
[2022-04-24 05:13:22,619] {standard_task_runner.py:52} INFO - Started process 6288 to run task
[2022-04-24 05:13:22,625] {standard_task_runner.py:76} INFO - Running: ['***', 'tasks', 'run', 'simple_dag', 'print_end', 'manual__2022-04-24T05:13:16.865098+00:00', '--job-id', '53', '--raw', '--subdir', 'DAGS_FOLDER/simple_dag.py', '--cfg-path', '/tmp/tmpmjr2w7of', '--error-file', '/tmp/tmp2w2c2fgw']
[2022-04-24 05:13:22,626] {standard_task_runner.py:77} INFO - Job 53: Subtask print_end
[2022-04-24 05:13:22,689] {logging_mixin.py:109} INFO - Running <TaskInstance: simple_dag.print_end manual__2022-04-24T05:13:16.865098+00:00 [running]> on host 9b64561dbf51
[2022-04-24 05:13:22,745] {taskinstance.py:1426} INFO - Exporting the following env vars:
AIRFLOW_CTX_DAG_OWNER=***
AIRFLOW_CTX_DAG_ID=simple_dag
AIRFLOW_CTX_TASK_ID=print_end
AIRFLOW_CTX_EXECUTION_DATE=2022-04-24T05:13:16.865098+00:00
AIRFLOW_CTX_DAG_RUN_ID=manual__2022-04-24T05:13:16.865098+00:00
[2022-04-24 05:13:22,746] {subprocess.py:62} INFO - Tmp dir root location: 
 /tmp
[2022-04-24 05:13:22,747] {subprocess.py:74} INFO - Running command: ['bash', '-c', "echo 'end'"]
[2022-04-24 05:13:22,755] {subprocess.py:85} INFO - Output:
[2022-04-24 05:13:22,756] {subprocess.py:89} INFO - end
[2022-04-24 05:13:22,757] {subprocess.py:93} INFO - Command exited with return code 0
[2022-04-24 05:13:22,778] {taskinstance.py:1277} INFO - Marking task as SUCCESS. dag_id=simple_dag, task_id=print_end, execution_date=20220424T051316, start_date=20220424T051322, end_date=20220424T051322
[2022-04-24 05:13:22,800] {local_task_job.py:154} INFO - Task exited with return code 0
[2022-04-24 05:13:22,831] {local_task_job.py:264} INFO - 0 downstream tasks scheduled from follow-on schedule check
