[2022-04-24 09:15:13,048] {taskinstance.py:1032} INFO - Dependencies all met for <TaskInstance: bq_ingestion_dag.format_to_parquet scheduled__2022-04-23T00:00:00+00:00 [queued]>
[2022-04-24 09:15:13,056] {taskinstance.py:1032} INFO - Dependencies all met for <TaskInstance: bq_ingestion_dag.format_to_parquet scheduled__2022-04-23T00:00:00+00:00 [queued]>
[2022-04-24 09:15:13,056] {taskinstance.py:1238} INFO - 
--------------------------------------------------------------------------------
[2022-04-24 09:15:13,056] {taskinstance.py:1239} INFO - Starting attempt 1 of 2
[2022-04-24 09:15:13,056] {taskinstance.py:1240} INFO - 
--------------------------------------------------------------------------------
[2022-04-24 09:15:13,065] {taskinstance.py:1259} INFO - Executing <Task(PythonOperator): format_to_parquet> on 2022-04-23 00:00:00+00:00
[2022-04-24 09:15:13,069] {standard_task_runner.py:52} INFO - Started process 4626 to run task
[2022-04-24 09:15:13,072] {standard_task_runner.py:76} INFO - Running: ['***', 'tasks', 'run', 'bq_ingestion_dag', 'format_to_parquet', 'scheduled__2022-04-23T00:00:00+00:00', '--job-id', '57', '--raw', '--subdir', 'DAGS_FOLDER/bq_ingestion_dag.py', '--cfg-path', '/tmp/tmp1iywtk8y', '--error-file', '/tmp/tmplozvpe5r']
[2022-04-24 09:15:13,072] {standard_task_runner.py:77} INFO - Job 57: Subtask format_to_parquet
[2022-04-24 09:15:13,109] {logging_mixin.py:109} INFO - Running <TaskInstance: bq_ingestion_dag.format_to_parquet scheduled__2022-04-23T00:00:00+00:00 [running]> on host 9b64561dbf51
[2022-04-24 09:15:13,149] {taskinstance.py:1426} INFO - Exporting the following env vars:
AIRFLOW_CTX_DAG_OWNER=***
AIRFLOW_CTX_DAG_ID=bq_ingestion_dag
AIRFLOW_CTX_TASK_ID=format_to_parquet
AIRFLOW_CTX_EXECUTION_DATE=2022-04-23T00:00:00+00:00
AIRFLOW_CTX_DAG_RUN_ID=scheduled__2022-04-23T00:00:00+00:00
[2022-04-24 09:15:14,181] {python.py:175} INFO - Done. Returned value was: None
[2022-04-24 09:15:14,190] {taskinstance.py:1277} INFO - Marking task as SUCCESS. dag_id=bq_ingestion_dag, task_id=format_to_parquet, execution_date=20220423T000000, start_date=20220424T091513, end_date=20220424T091514
[2022-04-24 09:15:14,249] {local_task_job.py:154} INFO - Task exited with return code 0
[2022-04-24 09:15:14,280] {local_task_job.py:264} INFO - 1 downstream tasks scheduled from follow-on schedule check
