[2022-05-04 13:59:58,731] {taskinstance.py:1032} INFO - Dependencies all met for <TaskInstance: simple_dag.print_date scheduled__2022-05-03T00:00:00+00:00 [queued]>
[2022-05-04 13:59:58,741] {taskinstance.py:1032} INFO - Dependencies all met for <TaskInstance: simple_dag.print_date scheduled__2022-05-03T00:00:00+00:00 [queued]>
[2022-05-04 13:59:58,741] {taskinstance.py:1238} INFO - 
--------------------------------------------------------------------------------
[2022-05-04 13:59:58,741] {taskinstance.py:1239} INFO - Starting attempt 1 of 1
[2022-05-04 13:59:58,741] {taskinstance.py:1240} INFO - 
--------------------------------------------------------------------------------
[2022-05-04 13:59:58,751] {taskinstance.py:1259} INFO - Executing <Task(BashOperator): print_date> on 2022-05-03 00:00:00+00:00
[2022-05-04 13:59:58,754] {standard_task_runner.py:52} INFO - Started process 65 to run task
[2022-05-04 13:59:58,757] {standard_task_runner.py:76} INFO - Running: ['***', 'tasks', 'run', 'simple_dag', 'print_date', 'scheduled__2022-05-03T00:00:00+00:00', '--job-id', '112', '--raw', '--subdir', 'DAGS_FOLDER/simple_dag.py', '--cfg-path', '/tmp/tmpa20xrr1_', '--error-file', '/tmp/tmpfl9r83p3']
[2022-05-04 13:59:58,758] {standard_task_runner.py:77} INFO - Job 112: Subtask print_date
[2022-05-04 13:59:58,809] {logging_mixin.py:109} INFO - Running <TaskInstance: simple_dag.print_date scheduled__2022-05-03T00:00:00+00:00 [running]> on host d35e8c798139
[2022-05-04 13:59:58,858] {taskinstance.py:1426} INFO - Exporting the following env vars:
AIRFLOW_CTX_DAG_OWNER=***
AIRFLOW_CTX_DAG_ID=simple_dag
AIRFLOW_CTX_TASK_ID=print_date
AIRFLOW_CTX_EXECUTION_DATE=2022-05-03T00:00:00+00:00
AIRFLOW_CTX_DAG_RUN_ID=scheduled__2022-05-03T00:00:00+00:00
[2022-05-04 13:59:58,859] {subprocess.py:62} INFO - Tmp dir root location: 
 /tmp
[2022-05-04 13:59:58,859] {subprocess.py:74} INFO - Running command: ['bash', '-c', 'date']
[2022-05-04 13:59:58,871] {subprocess.py:85} INFO - Output:
[2022-05-04 13:59:58,878] {subprocess.py:89} INFO - Wed May  4 13:59:58 UTC 2022
[2022-05-04 13:59:58,878] {subprocess.py:93} INFO - Command exited with return code 0
[2022-05-04 13:59:58,904] {taskinstance.py:1277} INFO - Marking task as SUCCESS. dag_id=simple_dag, task_id=print_date, execution_date=20220503T000000, start_date=20220504T135958, end_date=20220504T135958
[2022-05-04 13:59:58,929] {local_task_job.py:154} INFO - Task exited with return code 0
[2022-05-04 13:59:58,967] {local_task_job.py:264} INFO - 1 downstream tasks scheduled from follow-on schedule check
