[2022-04-24 03:28:48,885] {taskinstance.py:1032} INFO - Dependencies all met for <TaskInstance: simple_dag.print_end scheduled__2022-04-23T00:00:00+00:00 [queued]>
[2022-04-24 03:28:48,899] {taskinstance.py:1032} INFO - Dependencies all met for <TaskInstance: simple_dag.print_end scheduled__2022-04-23T00:00:00+00:00 [queued]>
[2022-04-24 03:28:48,899] {taskinstance.py:1238} INFO - 
--------------------------------------------------------------------------------
[2022-04-24 03:28:48,899] {taskinstance.py:1239} INFO - Starting attempt 1 of 1
[2022-04-24 03:28:48,899] {taskinstance.py:1240} INFO - 
--------------------------------------------------------------------------------
[2022-04-24 03:28:48,913] {taskinstance.py:1259} INFO - Executing <Task(BashOperator): print_end> on 2022-04-23 00:00:00+00:00
[2022-04-24 03:28:48,917] {standard_task_runner.py:52} INFO - Started process 2624 to run task
[2022-04-24 03:28:48,923] {standard_task_runner.py:76} INFO - Running: ['***', 'tasks', 'run', 'simple_dag', 'print_end', 'scheduled__2022-04-23T00:00:00+00:00', '--job-id', '50', '--raw', '--subdir', 'DAGS_FOLDER/simple_dag.py', '--cfg-path', '/tmp/tmpgejeey2j', '--error-file', '/tmp/tmp8e2m1q2a']
[2022-04-24 03:28:48,924] {standard_task_runner.py:77} INFO - Job 50: Subtask print_end
[2022-04-24 03:28:48,993] {logging_mixin.py:109} INFO - Running <TaskInstance: simple_dag.print_end scheduled__2022-04-23T00:00:00+00:00 [running]> on host 9b64561dbf51
[2022-04-24 03:28:49,049] {taskinstance.py:1426} INFO - Exporting the following env vars:
AIRFLOW_CTX_DAG_OWNER=***
AIRFLOW_CTX_DAG_ID=simple_dag
AIRFLOW_CTX_TASK_ID=print_end
AIRFLOW_CTX_EXECUTION_DATE=2022-04-23T00:00:00+00:00
AIRFLOW_CTX_DAG_RUN_ID=scheduled__2022-04-23T00:00:00+00:00
[2022-04-24 03:28:49,050] {subprocess.py:62} INFO - Tmp dir root location: 
 /tmp
[2022-04-24 03:28:49,050] {subprocess.py:74} INFO - Running command: ['bash', '-c', "echo 'end'"]
[2022-04-24 03:28:49,061] {subprocess.py:85} INFO - Output:
[2022-04-24 03:28:49,063] {subprocess.py:89} INFO - end
[2022-04-24 03:28:49,063] {subprocess.py:93} INFO - Command exited with return code 0
[2022-04-24 03:28:49,088] {taskinstance.py:1277} INFO - Marking task as SUCCESS. dag_id=simple_dag, task_id=print_end, execution_date=20220423T000000, start_date=20220424T032848, end_date=20220424T032849
[2022-04-24 03:28:49,134] {local_task_job.py:154} INFO - Task exited with return code 0
[2022-04-24 03:28:49,155] {local_task_job.py:264} INFO - 0 downstream tasks scheduled from follow-on schedule check
