[2022-05-04 13:59:52,822] {processor.py:163} INFO - Started process (PID=39) to work on /opt/airflow/dags/gcs_ingestion_dag.py
[2022-05-04 13:59:52,824] {processor.py:642} INFO - Processing file /opt/airflow/dags/gcs_ingestion_dag.py for tasks to queue
[2022-05-04 13:59:52,825] {logging_mixin.py:109} INFO - [2022-05-04 13:59:52,825] {dagbag.py:500} INFO - Filling up the DagBag from /opt/airflow/dags/gcs_ingestion_dag.py
[2022-05-04 13:59:57,415] {processor.py:654} INFO - DAG(s) dict_keys(['gcs_ingestion_dag']) retrieved from /opt/airflow/dags/gcs_ingestion_dag.py
[2022-05-04 13:59:57,600] {logging_mixin.py:109} INFO - [2022-05-04 13:59:57,600] {dag.py:2396} INFO - Sync 1 DAGs
[2022-05-04 13:59:57,614] {logging_mixin.py:109} INFO - [2022-05-04 13:59:57,614] {dag.py:2935} INFO - Setting next_dagrun for gcs_ingestion_dag to 2022-05-03 00:00:00+00:00
[2022-05-04 13:59:57,626] {processor.py:171} INFO - Processing /opt/airflow/dags/gcs_ingestion_dag.py took 4.809 seconds
[2022-05-04 14:00:27,844] {processor.py:163} INFO - Started process (PID=70) to work on /opt/airflow/dags/gcs_ingestion_dag.py
[2022-05-04 14:00:27,845] {processor.py:642} INFO - Processing file /opt/airflow/dags/gcs_ingestion_dag.py for tasks to queue
[2022-05-04 14:00:27,845] {logging_mixin.py:109} INFO - [2022-05-04 14:00:27,845] {dagbag.py:500} INFO - Filling up the DagBag from /opt/airflow/dags/gcs_ingestion_dag.py
[2022-05-04 14:00:28,524] {processor.py:654} INFO - DAG(s) dict_keys(['gcs_ingestion_dag']) retrieved from /opt/airflow/dags/gcs_ingestion_dag.py
[2022-05-04 14:00:28,531] {logging_mixin.py:109} INFO - [2022-05-04 14:00:28,531] {dag.py:2396} INFO - Sync 1 DAGs
[2022-05-04 14:00:28,543] {logging_mixin.py:109} INFO - [2022-05-04 14:00:28,543] {dag.py:2935} INFO - Setting next_dagrun for gcs_ingestion_dag to 2022-05-03 00:00:00+00:00
[2022-05-04 14:00:28,550] {processor.py:171} INFO - Processing /opt/airflow/dags/gcs_ingestion_dag.py took 0.708 seconds
[2022-05-04 14:00:58,989] {processor.py:163} INFO - Started process (PID=109) to work on /opt/airflow/dags/gcs_ingestion_dag.py
[2022-05-04 14:00:58,998] {processor.py:642} INFO - Processing file /opt/airflow/dags/gcs_ingestion_dag.py for tasks to queue
[2022-05-04 14:00:58,998] {logging_mixin.py:109} INFO - [2022-05-04 14:00:58,998] {dagbag.py:500} INFO - Filling up the DagBag from /opt/airflow/dags/gcs_ingestion_dag.py
[2022-05-04 14:00:59,667] {processor.py:654} INFO - DAG(s) dict_keys(['gcs_ingestion_dag']) retrieved from /opt/airflow/dags/gcs_ingestion_dag.py
[2022-05-04 14:00:59,674] {logging_mixin.py:109} INFO - [2022-05-04 14:00:59,674] {dag.py:2396} INFO - Sync 1 DAGs
[2022-05-04 14:00:59,685] {logging_mixin.py:109} INFO - [2022-05-04 14:00:59,685] {dag.py:2935} INFO - Setting next_dagrun for gcs_ingestion_dag to 2022-05-03 00:00:00+00:00
[2022-05-04 14:00:59,693] {processor.py:171} INFO - Processing /opt/airflow/dags/gcs_ingestion_dag.py took 0.706 seconds
[2022-05-04 14:01:30,148] {processor.py:163} INFO - Started process (PID=147) to work on /opt/airflow/dags/gcs_ingestion_dag.py
[2022-05-04 14:01:30,157] {processor.py:642} INFO - Processing file /opt/airflow/dags/gcs_ingestion_dag.py for tasks to queue
[2022-05-04 14:01:30,158] {logging_mixin.py:109} INFO - [2022-05-04 14:01:30,158] {dagbag.py:500} INFO - Filling up the DagBag from /opt/airflow/dags/gcs_ingestion_dag.py
[2022-05-04 14:01:30,914] {processor.py:654} INFO - DAG(s) dict_keys(['gcs_ingestion_dag']) retrieved from /opt/airflow/dags/gcs_ingestion_dag.py
[2022-05-04 14:01:30,922] {logging_mixin.py:109} INFO - [2022-05-04 14:01:30,921] {dag.py:2396} INFO - Sync 1 DAGs
[2022-05-04 14:01:30,937] {logging_mixin.py:109} INFO - [2022-05-04 14:01:30,937] {dag.py:2935} INFO - Setting next_dagrun for gcs_ingestion_dag to 2022-05-03 00:00:00+00:00
[2022-05-04 14:01:30,947] {processor.py:171} INFO - Processing /opt/airflow/dags/gcs_ingestion_dag.py took 0.802 seconds
[2022-05-04 14:02:01,301] {processor.py:163} INFO - Started process (PID=176) to work on /opt/airflow/dags/gcs_ingestion_dag.py
[2022-05-04 14:02:01,301] {processor.py:642} INFO - Processing file /opt/airflow/dags/gcs_ingestion_dag.py for tasks to queue
[2022-05-04 14:02:01,302] {logging_mixin.py:109} INFO - [2022-05-04 14:02:01,302] {dagbag.py:500} INFO - Filling up the DagBag from /opt/airflow/dags/gcs_ingestion_dag.py
[2022-05-04 14:02:01,907] {processor.py:654} INFO - DAG(s) dict_keys(['gcs_ingestion_dag']) retrieved from /opt/airflow/dags/gcs_ingestion_dag.py
[2022-05-04 14:02:01,914] {logging_mixin.py:109} INFO - [2022-05-04 14:02:01,914] {dag.py:2396} INFO - Sync 1 DAGs
[2022-05-04 14:02:01,925] {logging_mixin.py:109} INFO - [2022-05-04 14:02:01,925] {dag.py:2935} INFO - Setting next_dagrun for gcs_ingestion_dag to 2022-05-03 00:00:00+00:00
[2022-05-04 14:02:01,940] {processor.py:171} INFO - Processing /opt/airflow/dags/gcs_ingestion_dag.py took 0.642 seconds
[2022-05-04 14:02:32,476] {processor.py:163} INFO - Started process (PID=216) to work on /opt/airflow/dags/gcs_ingestion_dag.py
[2022-05-04 14:02:32,485] {processor.py:642} INFO - Processing file /opt/airflow/dags/gcs_ingestion_dag.py for tasks to queue
[2022-05-04 14:02:32,486] {logging_mixin.py:109} INFO - [2022-05-04 14:02:32,486] {dagbag.py:500} INFO - Filling up the DagBag from /opt/airflow/dags/gcs_ingestion_dag.py
[2022-05-04 14:02:33,084] {processor.py:654} INFO - DAG(s) dict_keys(['gcs_ingestion_dag']) retrieved from /opt/airflow/dags/gcs_ingestion_dag.py
[2022-05-04 14:02:33,093] {logging_mixin.py:109} INFO - [2022-05-04 14:02:33,092] {dag.py:2396} INFO - Sync 1 DAGs
[2022-05-04 14:02:33,104] {logging_mixin.py:109} INFO - [2022-05-04 14:02:33,104] {dag.py:2935} INFO - Setting next_dagrun for gcs_ingestion_dag to 2022-05-03 00:00:00+00:00
[2022-05-04 14:02:33,110] {processor.py:171} INFO - Processing /opt/airflow/dags/gcs_ingestion_dag.py took 0.635 seconds
[2022-05-04 14:03:03,634] {processor.py:163} INFO - Started process (PID=246) to work on /opt/airflow/dags/gcs_ingestion_dag.py
[2022-05-04 14:03:03,643] {processor.py:642} INFO - Processing file /opt/airflow/dags/gcs_ingestion_dag.py for tasks to queue
[2022-05-04 14:03:03,644] {logging_mixin.py:109} INFO - [2022-05-04 14:03:03,644] {dagbag.py:500} INFO - Filling up the DagBag from /opt/airflow/dags/gcs_ingestion_dag.py
[2022-05-04 14:03:04,273] {processor.py:654} INFO - DAG(s) dict_keys(['gcs_ingestion_dag']) retrieved from /opt/airflow/dags/gcs_ingestion_dag.py
[2022-05-04 14:03:04,281] {logging_mixin.py:109} INFO - [2022-05-04 14:03:04,280] {dag.py:2396} INFO - Sync 1 DAGs
[2022-05-04 14:03:04,292] {logging_mixin.py:109} INFO - [2022-05-04 14:03:04,292] {dag.py:2935} INFO - Setting next_dagrun for gcs_ingestion_dag to 2022-05-03 00:00:00+00:00
[2022-05-04 14:03:04,307] {processor.py:171} INFO - Processing /opt/airflow/dags/gcs_ingestion_dag.py took 0.675 seconds
[2022-05-04 14:03:34,820] {processor.py:163} INFO - Started process (PID=284) to work on /opt/airflow/dags/gcs_ingestion_dag.py
[2022-05-04 14:03:34,829] {processor.py:642} INFO - Processing file /opt/airflow/dags/gcs_ingestion_dag.py for tasks to queue
[2022-05-04 14:03:34,830] {logging_mixin.py:109} INFO - [2022-05-04 14:03:34,830] {dagbag.py:500} INFO - Filling up the DagBag from /opt/airflow/dags/gcs_ingestion_dag.py
[2022-05-04 14:03:35,483] {processor.py:654} INFO - DAG(s) dict_keys(['gcs_ingestion_dag']) retrieved from /opt/airflow/dags/gcs_ingestion_dag.py
[2022-05-04 14:03:35,490] {logging_mixin.py:109} INFO - [2022-05-04 14:03:35,490] {dag.py:2396} INFO - Sync 1 DAGs
[2022-05-04 14:03:35,500] {logging_mixin.py:109} INFO - [2022-05-04 14:03:35,500] {dag.py:2935} INFO - Setting next_dagrun for gcs_ingestion_dag to 2022-05-03 00:00:00+00:00
[2022-05-04 14:03:35,508] {processor.py:171} INFO - Processing /opt/airflow/dags/gcs_ingestion_dag.py took 0.691 seconds
[2022-05-04 14:04:06,004] {processor.py:163} INFO - Started process (PID=323) to work on /opt/airflow/dags/gcs_ingestion_dag.py
[2022-05-04 14:04:06,005] {processor.py:642} INFO - Processing file /opt/airflow/dags/gcs_ingestion_dag.py for tasks to queue
[2022-05-04 14:04:06,006] {logging_mixin.py:109} INFO - [2022-05-04 14:04:06,006] {dagbag.py:500} INFO - Filling up the DagBag from /opt/airflow/dags/gcs_ingestion_dag.py
[2022-05-04 14:04:06,999] {processor.py:654} INFO - DAG(s) dict_keys(['gcs_ingestion_dag']) retrieved from /opt/airflow/dags/gcs_ingestion_dag.py
[2022-05-04 14:04:07,011] {logging_mixin.py:109} INFO - [2022-05-04 14:04:07,011] {dag.py:2396} INFO - Sync 1 DAGs
[2022-05-04 14:04:07,035] {logging_mixin.py:109} INFO - [2022-05-04 14:04:07,035] {dag.py:2935} INFO - Setting next_dagrun for gcs_ingestion_dag to 2022-05-03 00:00:00+00:00
[2022-05-04 14:04:07,047] {processor.py:171} INFO - Processing /opt/airflow/dags/gcs_ingestion_dag.py took 1.047 seconds
[2022-05-04 14:04:37,218] {processor.py:163} INFO - Started process (PID=352) to work on /opt/airflow/dags/gcs_ingestion_dag.py
[2022-05-04 14:04:37,219] {processor.py:642} INFO - Processing file /opt/airflow/dags/gcs_ingestion_dag.py for tasks to queue
[2022-05-04 14:04:37,219] {logging_mixin.py:109} INFO - [2022-05-04 14:04:37,219] {dagbag.py:500} INFO - Filling up the DagBag from /opt/airflow/dags/gcs_ingestion_dag.py
[2022-05-04 14:04:37,845] {processor.py:654} INFO - DAG(s) dict_keys(['gcs_ingestion_dag']) retrieved from /opt/airflow/dags/gcs_ingestion_dag.py
[2022-05-04 14:04:37,851] {logging_mixin.py:109} INFO - [2022-05-04 14:04:37,851] {dag.py:2396} INFO - Sync 1 DAGs
[2022-05-04 14:04:37,863] {logging_mixin.py:109} INFO - [2022-05-04 14:04:37,863] {dag.py:2935} INFO - Setting next_dagrun for gcs_ingestion_dag to 2022-05-03 00:00:00+00:00
[2022-05-04 14:04:37,869] {processor.py:171} INFO - Processing /opt/airflow/dags/gcs_ingestion_dag.py took 0.653 seconds
[2022-05-04 14:05:08,400] {processor.py:163} INFO - Started process (PID=391) to work on /opt/airflow/dags/gcs_ingestion_dag.py
[2022-05-04 14:05:08,409] {processor.py:642} INFO - Processing file /opt/airflow/dags/gcs_ingestion_dag.py for tasks to queue
[2022-05-04 14:05:08,410] {logging_mixin.py:109} INFO - [2022-05-04 14:05:08,410] {dagbag.py:500} INFO - Filling up the DagBag from /opt/airflow/dags/gcs_ingestion_dag.py
[2022-05-04 14:05:09,200] {processor.py:654} INFO - DAG(s) dict_keys(['gcs_ingestion_dag']) retrieved from /opt/airflow/dags/gcs_ingestion_dag.py
[2022-05-04 14:05:09,208] {logging_mixin.py:109} INFO - [2022-05-04 14:05:09,208] {dag.py:2396} INFO - Sync 1 DAGs
[2022-05-04 14:05:09,221] {logging_mixin.py:109} INFO - [2022-05-04 14:05:09,221] {dag.py:2935} INFO - Setting next_dagrun for gcs_ingestion_dag to 2022-05-03 00:00:00+00:00
[2022-05-04 14:05:09,240] {processor.py:171} INFO - Processing /opt/airflow/dags/gcs_ingestion_dag.py took 0.843 seconds
[2022-05-04 14:05:39,555] {processor.py:163} INFO - Started process (PID=421) to work on /opt/airflow/dags/gcs_ingestion_dag.py
[2022-05-04 14:05:39,555] {processor.py:642} INFO - Processing file /opt/airflow/dags/gcs_ingestion_dag.py for tasks to queue
[2022-05-04 14:05:39,556] {logging_mixin.py:109} INFO - [2022-05-04 14:05:39,556] {dagbag.py:500} INFO - Filling up the DagBag from /opt/airflow/dags/gcs_ingestion_dag.py
[2022-05-04 14:05:40,297] {processor.py:654} INFO - DAG(s) dict_keys(['gcs_ingestion_dag']) retrieved from /opt/airflow/dags/gcs_ingestion_dag.py
[2022-05-04 14:05:40,304] {logging_mixin.py:109} INFO - [2022-05-04 14:05:40,304] {dag.py:2396} INFO - Sync 1 DAGs
[2022-05-04 14:05:40,317] {logging_mixin.py:109} INFO - [2022-05-04 14:05:40,316] {dag.py:2935} INFO - Setting next_dagrun for gcs_ingestion_dag to 2022-05-03 00:00:00+00:00
[2022-05-04 14:05:40,325] {processor.py:171} INFO - Processing /opt/airflow/dags/gcs_ingestion_dag.py took 0.772 seconds
[2022-05-04 14:06:10,734] {processor.py:163} INFO - Started process (PID=459) to work on /opt/airflow/dags/gcs_ingestion_dag.py
[2022-05-04 14:06:10,743] {processor.py:642} INFO - Processing file /opt/airflow/dags/gcs_ingestion_dag.py for tasks to queue
[2022-05-04 14:06:10,744] {logging_mixin.py:109} INFO - [2022-05-04 14:06:10,743] {dagbag.py:500} INFO - Filling up the DagBag from /opt/airflow/dags/gcs_ingestion_dag.py
[2022-05-04 14:06:11,476] {processor.py:654} INFO - DAG(s) dict_keys(['gcs_ingestion_dag']) retrieved from /opt/airflow/dags/gcs_ingestion_dag.py
[2022-05-04 14:06:11,484] {logging_mixin.py:109} INFO - [2022-05-04 14:06:11,484] {dag.py:2396} INFO - Sync 1 DAGs
[2022-05-04 14:06:11,497] {logging_mixin.py:109} INFO - [2022-05-04 14:06:11,497] {dag.py:2935} INFO - Setting next_dagrun for gcs_ingestion_dag to 2022-05-03 00:00:00+00:00
[2022-05-04 14:06:11,513] {processor.py:171} INFO - Processing /opt/airflow/dags/gcs_ingestion_dag.py took 0.781 seconds
[2022-05-04 14:06:41,952] {processor.py:163} INFO - Started process (PID=488) to work on /opt/airflow/dags/gcs_ingestion_dag.py
[2022-05-04 14:06:41,963] {processor.py:642} INFO - Processing file /opt/airflow/dags/gcs_ingestion_dag.py for tasks to queue
[2022-05-04 14:06:41,964] {logging_mixin.py:109} INFO - [2022-05-04 14:06:41,963] {dagbag.py:500} INFO - Filling up the DagBag from /opt/airflow/dags/gcs_ingestion_dag.py
[2022-05-04 14:06:42,763] {processor.py:654} INFO - DAG(s) dict_keys(['gcs_ingestion_dag']) retrieved from /opt/airflow/dags/gcs_ingestion_dag.py
[2022-05-04 14:06:42,770] {logging_mixin.py:109} INFO - [2022-05-04 14:06:42,770] {dag.py:2396} INFO - Sync 1 DAGs
[2022-05-04 14:06:42,781] {logging_mixin.py:109} INFO - [2022-05-04 14:06:42,781] {dag.py:2935} INFO - Setting next_dagrun for gcs_ingestion_dag to 2022-05-03 00:00:00+00:00
[2022-05-04 14:06:42,796] {processor.py:171} INFO - Processing /opt/airflow/dags/gcs_ingestion_dag.py took 0.847 seconds
[2022-05-04 14:07:13,006] {processor.py:163} INFO - Started process (PID=526) to work on /opt/airflow/dags/gcs_ingestion_dag.py
[2022-05-04 14:07:13,015] {processor.py:642} INFO - Processing file /opt/airflow/dags/gcs_ingestion_dag.py for tasks to queue
[2022-05-04 14:07:13,015] {logging_mixin.py:109} INFO - [2022-05-04 14:07:13,015] {dagbag.py:500} INFO - Filling up the DagBag from /opt/airflow/dags/gcs_ingestion_dag.py
[2022-05-04 14:07:13,699] {processor.py:654} INFO - DAG(s) dict_keys(['gcs_ingestion_dag']) retrieved from /opt/airflow/dags/gcs_ingestion_dag.py
[2022-05-04 14:07:13,705] {logging_mixin.py:109} INFO - [2022-05-04 14:07:13,705] {dag.py:2396} INFO - Sync 1 DAGs
[2022-05-04 14:07:13,717] {logging_mixin.py:109} INFO - [2022-05-04 14:07:13,717] {dag.py:2935} INFO - Setting next_dagrun for gcs_ingestion_dag to 2022-05-03 00:00:00+00:00
[2022-05-04 14:07:13,732] {processor.py:171} INFO - Processing /opt/airflow/dags/gcs_ingestion_dag.py took 0.728 seconds
[2022-05-04 14:07:44,257] {processor.py:163} INFO - Started process (PID=564) to work on /opt/airflow/dags/gcs_ingestion_dag.py
[2022-05-04 14:07:44,258] {processor.py:642} INFO - Processing file /opt/airflow/dags/gcs_ingestion_dag.py for tasks to queue
[2022-05-04 14:07:44,259] {logging_mixin.py:109} INFO - [2022-05-04 14:07:44,259] {dagbag.py:500} INFO - Filling up the DagBag from /opt/airflow/dags/gcs_ingestion_dag.py
[2022-05-04 14:07:45,087] {processor.py:654} INFO - DAG(s) dict_keys(['gcs_ingestion_dag']) retrieved from /opt/airflow/dags/gcs_ingestion_dag.py
[2022-05-04 14:07:45,095] {logging_mixin.py:109} INFO - [2022-05-04 14:07:45,095] {dag.py:2396} INFO - Sync 1 DAGs
[2022-05-04 14:07:45,109] {logging_mixin.py:109} INFO - [2022-05-04 14:07:45,108] {dag.py:2935} INFO - Setting next_dagrun for gcs_ingestion_dag to 2022-05-03 00:00:00+00:00
[2022-05-04 14:07:45,126] {processor.py:171} INFO - Processing /opt/airflow/dags/gcs_ingestion_dag.py took 0.871 seconds
[2022-05-04 14:08:15,325] {processor.py:163} INFO - Started process (PID=593) to work on /opt/airflow/dags/gcs_ingestion_dag.py
[2022-05-04 14:08:15,334] {processor.py:642} INFO - Processing file /opt/airflow/dags/gcs_ingestion_dag.py for tasks to queue
[2022-05-04 14:08:15,335] {logging_mixin.py:109} INFO - [2022-05-04 14:08:15,335] {dagbag.py:500} INFO - Filling up the DagBag from /opt/airflow/dags/gcs_ingestion_dag.py
[2022-05-04 14:08:16,025] {processor.py:654} INFO - DAG(s) dict_keys(['gcs_ingestion_dag']) retrieved from /opt/airflow/dags/gcs_ingestion_dag.py
[2022-05-04 14:08:16,033] {logging_mixin.py:109} INFO - [2022-05-04 14:08:16,033] {dag.py:2396} INFO - Sync 1 DAGs
[2022-05-04 14:08:16,047] {logging_mixin.py:109} INFO - [2022-05-04 14:08:16,047] {dag.py:2935} INFO - Setting next_dagrun for gcs_ingestion_dag to 2022-05-03 00:00:00+00:00
[2022-05-04 14:08:16,063] {processor.py:171} INFO - Processing /opt/airflow/dags/gcs_ingestion_dag.py took 0.740 seconds
