[2022-05-04 13:59:52,832] {processor.py:163} INFO - Started process (PID=40) to work on /opt/airflow/dags/simple_dag.py
[2022-05-04 13:59:52,833] {processor.py:642} INFO - Processing file /opt/airflow/dags/simple_dag.py for tasks to queue
[2022-05-04 13:59:52,834] {logging_mixin.py:109} INFO - [2022-05-04 13:59:52,834] {dagbag.py:500} INFO - Filling up the DagBag from /opt/airflow/dags/simple_dag.py
[2022-05-04 13:59:52,902] {processor.py:654} INFO - DAG(s) dict_keys(['simple_dag']) retrieved from /opt/airflow/dags/simple_dag.py
[2022-05-04 13:59:54,436] {logging_mixin.py:109} INFO - [2022-05-04 13:59:54,436] {dag.py:2396} INFO - Sync 1 DAGs
[2022-05-04 13:59:54,491] {logging_mixin.py:109} INFO - [2022-05-04 13:59:54,491] {dag.py:2935} INFO - Setting next_dagrun for simple_dag to 2022-05-03T00:00:00+00:00
[2022-05-04 13:59:54,534] {processor.py:171} INFO - Processing /opt/airflow/dags/simple_dag.py took 1.706 seconds
[2022-05-04 14:00:24,790] {processor.py:163} INFO - Started process (PID=68) to work on /opt/airflow/dags/simple_dag.py
[2022-05-04 14:00:24,791] {processor.py:642} INFO - Processing file /opt/airflow/dags/simple_dag.py for tasks to queue
[2022-05-04 14:00:24,791] {logging_mixin.py:109} INFO - [2022-05-04 14:00:24,791] {dagbag.py:500} INFO - Filling up the DagBag from /opt/airflow/dags/simple_dag.py
[2022-05-04 14:00:24,812] {processor.py:654} INFO - DAG(s) dict_keys(['simple_dag']) retrieved from /opt/airflow/dags/simple_dag.py
[2022-05-04 14:00:24,820] {logging_mixin.py:109} INFO - [2022-05-04 14:00:24,820] {dag.py:2396} INFO - Sync 1 DAGs
[2022-05-04 14:00:24,832] {logging_mixin.py:109} INFO - [2022-05-04 14:00:24,832] {dag.py:2935} INFO - Setting next_dagrun for simple_dag to 2022-05-04T00:00:00+00:00
[2022-05-04 14:00:24,838] {processor.py:171} INFO - Processing /opt/airflow/dags/simple_dag.py took 0.051 seconds
[2022-05-04 14:00:54,933] {processor.py:163} INFO - Started process (PID=107) to work on /opt/airflow/dags/simple_dag.py
[2022-05-04 14:00:54,933] {processor.py:642} INFO - Processing file /opt/airflow/dags/simple_dag.py for tasks to queue
[2022-05-04 14:00:54,934] {logging_mixin.py:109} INFO - [2022-05-04 14:00:54,934] {dagbag.py:500} INFO - Filling up the DagBag from /opt/airflow/dags/simple_dag.py
[2022-05-04 14:00:54,956] {processor.py:654} INFO - DAG(s) dict_keys(['simple_dag']) retrieved from /opt/airflow/dags/simple_dag.py
[2022-05-04 14:00:54,964] {logging_mixin.py:109} INFO - [2022-05-04 14:00:54,964] {dag.py:2396} INFO - Sync 1 DAGs
[2022-05-04 14:00:54,975] {logging_mixin.py:109} INFO - [2022-05-04 14:00:54,974] {dag.py:2935} INFO - Setting next_dagrun for simple_dag to 2022-05-04T00:00:00+00:00
[2022-05-04 14:00:54,981] {processor.py:171} INFO - Processing /opt/airflow/dags/simple_dag.py took 0.050 seconds
[2022-05-04 14:01:25,081] {processor.py:163} INFO - Started process (PID=136) to work on /opt/airflow/dags/simple_dag.py
[2022-05-04 14:01:25,090] {processor.py:642} INFO - Processing file /opt/airflow/dags/simple_dag.py for tasks to queue
[2022-05-04 14:01:25,091] {logging_mixin.py:109} INFO - [2022-05-04 14:01:25,091] {dagbag.py:500} INFO - Filling up the DagBag from /opt/airflow/dags/simple_dag.py
[2022-05-04 14:01:25,109] {processor.py:654} INFO - DAG(s) dict_keys(['simple_dag']) retrieved from /opt/airflow/dags/simple_dag.py
[2022-05-04 14:01:25,116] {logging_mixin.py:109} INFO - [2022-05-04 14:01:25,116] {dag.py:2396} INFO - Sync 1 DAGs
[2022-05-04 14:01:25,127] {logging_mixin.py:109} INFO - [2022-05-04 14:01:25,127] {dag.py:2935} INFO - Setting next_dagrun for simple_dag to 2022-05-04T00:00:00+00:00
[2022-05-04 14:01:25,134] {processor.py:171} INFO - Processing /opt/airflow/dags/simple_dag.py took 0.054 seconds
[2022-05-04 14:01:55,219] {processor.py:163} INFO - Started process (PID=174) to work on /opt/airflow/dags/simple_dag.py
[2022-05-04 14:01:55,228] {processor.py:642} INFO - Processing file /opt/airflow/dags/simple_dag.py for tasks to queue
[2022-05-04 14:01:55,228] {logging_mixin.py:109} INFO - [2022-05-04 14:01:55,228] {dagbag.py:500} INFO - Filling up the DagBag from /opt/airflow/dags/simple_dag.py
[2022-05-04 14:01:55,252] {processor.py:654} INFO - DAG(s) dict_keys(['simple_dag']) retrieved from /opt/airflow/dags/simple_dag.py
[2022-05-04 14:01:55,260] {logging_mixin.py:109} INFO - [2022-05-04 14:01:55,260] {dag.py:2396} INFO - Sync 1 DAGs
[2022-05-04 14:01:55,273] {logging_mixin.py:109} INFO - [2022-05-04 14:01:55,273] {dag.py:2935} INFO - Setting next_dagrun for simple_dag to 2022-05-04T00:00:00+00:00
[2022-05-04 14:01:55,281] {processor.py:171} INFO - Processing /opt/airflow/dags/simple_dag.py took 0.065 seconds
[2022-05-04 14:02:25,385] {processor.py:163} INFO - Started process (PID=204) to work on /opt/airflow/dags/simple_dag.py
[2022-05-04 14:02:25,395] {processor.py:642} INFO - Processing file /opt/airflow/dags/simple_dag.py for tasks to queue
[2022-05-04 14:02:25,396] {logging_mixin.py:109} INFO - [2022-05-04 14:02:25,395] {dagbag.py:500} INFO - Filling up the DagBag from /opt/airflow/dags/simple_dag.py
[2022-05-04 14:02:25,427] {processor.py:654} INFO - DAG(s) dict_keys(['simple_dag']) retrieved from /opt/airflow/dags/simple_dag.py
[2022-05-04 14:02:25,437] {logging_mixin.py:109} INFO - [2022-05-04 14:02:25,436] {dag.py:2396} INFO - Sync 1 DAGs
[2022-05-04 14:02:25,449] {logging_mixin.py:109} INFO - [2022-05-04 14:02:25,448] {dag.py:2935} INFO - Setting next_dagrun for simple_dag to 2022-05-04T00:00:00+00:00
[2022-05-04 14:02:25,456] {processor.py:171} INFO - Processing /opt/airflow/dags/simple_dag.py took 0.075 seconds
[2022-05-04 14:02:55,553] {processor.py:163} INFO - Started process (PID=244) to work on /opt/airflow/dags/simple_dag.py
[2022-05-04 14:02:55,562] {processor.py:642} INFO - Processing file /opt/airflow/dags/simple_dag.py for tasks to queue
[2022-05-04 14:02:55,563] {logging_mixin.py:109} INFO - [2022-05-04 14:02:55,562] {dagbag.py:500} INFO - Filling up the DagBag from /opt/airflow/dags/simple_dag.py
[2022-05-04 14:02:55,583] {processor.py:654} INFO - DAG(s) dict_keys(['simple_dag']) retrieved from /opt/airflow/dags/simple_dag.py
[2022-05-04 14:02:55,590] {logging_mixin.py:109} INFO - [2022-05-04 14:02:55,590] {dag.py:2396} INFO - Sync 1 DAGs
[2022-05-04 14:02:55,601] {logging_mixin.py:109} INFO - [2022-05-04 14:02:55,601] {dag.py:2935} INFO - Setting next_dagrun for simple_dag to 2022-05-04T00:00:00+00:00
[2022-05-04 14:02:55,608] {processor.py:171} INFO - Processing /opt/airflow/dags/simple_dag.py took 0.057 seconds
[2022-05-04 14:03:25,721] {processor.py:163} INFO - Started process (PID=273) to work on /opt/airflow/dags/simple_dag.py
[2022-05-04 14:03:25,730] {processor.py:642} INFO - Processing file /opt/airflow/dags/simple_dag.py for tasks to queue
[2022-05-04 14:03:25,730] {logging_mixin.py:109} INFO - [2022-05-04 14:03:25,730] {dagbag.py:500} INFO - Filling up the DagBag from /opt/airflow/dags/simple_dag.py
[2022-05-04 14:03:25,755] {processor.py:654} INFO - DAG(s) dict_keys(['simple_dag']) retrieved from /opt/airflow/dags/simple_dag.py
[2022-05-04 14:03:25,764] {logging_mixin.py:109} INFO - [2022-05-04 14:03:25,764] {dag.py:2396} INFO - Sync 1 DAGs
[2022-05-04 14:03:25,780] {logging_mixin.py:109} INFO - [2022-05-04 14:03:25,780] {dag.py:2935} INFO - Setting next_dagrun for simple_dag to 2022-05-04T00:00:00+00:00
[2022-05-04 14:03:25,788] {processor.py:171} INFO - Processing /opt/airflow/dags/simple_dag.py took 0.070 seconds
[2022-05-04 14:03:55,895] {processor.py:163} INFO - Started process (PID=312) to work on /opt/airflow/dags/simple_dag.py
[2022-05-04 14:03:55,904] {processor.py:642} INFO - Processing file /opt/airflow/dags/simple_dag.py for tasks to queue
[2022-05-04 14:03:55,905] {logging_mixin.py:109} INFO - [2022-05-04 14:03:55,904] {dagbag.py:500} INFO - Filling up the DagBag from /opt/airflow/dags/simple_dag.py
[2022-05-04 14:03:55,938] {processor.py:654} INFO - DAG(s) dict_keys(['simple_dag']) retrieved from /opt/airflow/dags/simple_dag.py
[2022-05-04 14:03:55,954] {logging_mixin.py:109} INFO - [2022-05-04 14:03:55,954] {dag.py:2396} INFO - Sync 1 DAGs
[2022-05-04 14:03:55,970] {logging_mixin.py:109} INFO - [2022-05-04 14:03:55,970] {dag.py:2935} INFO - Setting next_dagrun for simple_dag to 2022-05-04T00:00:00+00:00
[2022-05-04 14:03:55,977] {processor.py:171} INFO - Processing /opt/airflow/dags/simple_dag.py took 0.086 seconds
[2022-05-04 14:04:26,114] {processor.py:163} INFO - Started process (PID=341) to work on /opt/airflow/dags/simple_dag.py
[2022-05-04 14:04:26,123] {processor.py:642} INFO - Processing file /opt/airflow/dags/simple_dag.py for tasks to queue
[2022-05-04 14:04:26,124] {logging_mixin.py:109} INFO - [2022-05-04 14:04:26,124] {dagbag.py:500} INFO - Filling up the DagBag from /opt/airflow/dags/simple_dag.py
[2022-05-04 14:04:26,149] {processor.py:654} INFO - DAG(s) dict_keys(['simple_dag']) retrieved from /opt/airflow/dags/simple_dag.py
[2022-05-04 14:04:26,159] {logging_mixin.py:109} INFO - [2022-05-04 14:04:26,159] {dag.py:2396} INFO - Sync 1 DAGs
[2022-05-04 14:04:26,172] {logging_mixin.py:109} INFO - [2022-05-04 14:04:26,172] {dag.py:2935} INFO - Setting next_dagrun for simple_dag to 2022-05-04T00:00:00+00:00
[2022-05-04 14:04:26,181] {processor.py:171} INFO - Processing /opt/airflow/dags/simple_dag.py took 0.069 seconds
[2022-05-04 14:04:56,282] {processor.py:163} INFO - Started process (PID=379) to work on /opt/airflow/dags/simple_dag.py
[2022-05-04 14:04:56,291] {processor.py:642} INFO - Processing file /opt/airflow/dags/simple_dag.py for tasks to queue
[2022-05-04 14:04:56,291] {logging_mixin.py:109} INFO - [2022-05-04 14:04:56,291] {dagbag.py:500} INFO - Filling up the DagBag from /opt/airflow/dags/simple_dag.py
[2022-05-04 14:04:56,321] {processor.py:654} INFO - DAG(s) dict_keys(['simple_dag']) retrieved from /opt/airflow/dags/simple_dag.py
[2022-05-04 14:04:56,332] {logging_mixin.py:109} INFO - [2022-05-04 14:04:56,332] {dag.py:2396} INFO - Sync 1 DAGs
[2022-05-04 14:04:56,353] {logging_mixin.py:109} INFO - [2022-05-04 14:04:56,353] {dag.py:2935} INFO - Setting next_dagrun for simple_dag to 2022-05-04T00:00:00+00:00
[2022-05-04 14:04:56,361] {processor.py:171} INFO - Processing /opt/airflow/dags/simple_dag.py took 0.083 seconds
[2022-05-04 14:05:26,445] {processor.py:163} INFO - Started process (PID=409) to work on /opt/airflow/dags/simple_dag.py
[2022-05-04 14:05:26,454] {processor.py:642} INFO - Processing file /opt/airflow/dags/simple_dag.py for tasks to queue
[2022-05-04 14:05:26,455] {logging_mixin.py:109} INFO - [2022-05-04 14:05:26,455] {dagbag.py:500} INFO - Filling up the DagBag from /opt/airflow/dags/simple_dag.py
[2022-05-04 14:05:26,476] {processor.py:654} INFO - DAG(s) dict_keys(['simple_dag']) retrieved from /opt/airflow/dags/simple_dag.py
[2022-05-04 14:05:26,484] {logging_mixin.py:109} INFO - [2022-05-04 14:05:26,483] {dag.py:2396} INFO - Sync 1 DAGs
[2022-05-04 14:05:26,495] {logging_mixin.py:109} INFO - [2022-05-04 14:05:26,495] {dag.py:2935} INFO - Setting next_dagrun for simple_dag to 2022-05-04T00:00:00+00:00
[2022-05-04 14:05:26,502] {processor.py:171} INFO - Processing /opt/airflow/dags/simple_dag.py took 0.060 seconds
[2022-05-04 14:05:56,609] {processor.py:163} INFO - Started process (PID=448) to work on /opt/airflow/dags/simple_dag.py
[2022-05-04 14:05:56,618] {processor.py:642} INFO - Processing file /opt/airflow/dags/simple_dag.py for tasks to queue
[2022-05-04 14:05:56,619] {logging_mixin.py:109} INFO - [2022-05-04 14:05:56,619] {dagbag.py:500} INFO - Filling up the DagBag from /opt/airflow/dags/simple_dag.py
[2022-05-04 14:05:56,649] {processor.py:654} INFO - DAG(s) dict_keys(['simple_dag']) retrieved from /opt/airflow/dags/simple_dag.py
[2022-05-04 14:05:56,661] {logging_mixin.py:109} INFO - [2022-05-04 14:05:56,661] {dag.py:2396} INFO - Sync 1 DAGs
[2022-05-04 14:05:56,679] {logging_mixin.py:109} INFO - [2022-05-04 14:05:56,679] {dag.py:2935} INFO - Setting next_dagrun for simple_dag to 2022-05-04T00:00:00+00:00
[2022-05-04 14:05:56,689] {processor.py:171} INFO - Processing /opt/airflow/dags/simple_dag.py took 0.083 seconds
[2022-05-04 14:06:26,812] {processor.py:163} INFO - Started process (PID=477) to work on /opt/airflow/dags/simple_dag.py
[2022-05-04 14:06:26,821] {processor.py:642} INFO - Processing file /opt/airflow/dags/simple_dag.py for tasks to queue
[2022-05-04 14:06:26,822] {logging_mixin.py:109} INFO - [2022-05-04 14:06:26,822] {dagbag.py:500} INFO - Filling up the DagBag from /opt/airflow/dags/simple_dag.py
[2022-05-04 14:06:26,851] {processor.py:654} INFO - DAG(s) dict_keys(['simple_dag']) retrieved from /opt/airflow/dags/simple_dag.py
[2022-05-04 14:06:26,861] {logging_mixin.py:109} INFO - [2022-05-04 14:06:26,861] {dag.py:2396} INFO - Sync 1 DAGs
[2022-05-04 14:06:26,875] {logging_mixin.py:109} INFO - [2022-05-04 14:06:26,875] {dag.py:2935} INFO - Setting next_dagrun for simple_dag to 2022-05-04T00:00:00+00:00
[2022-05-04 14:06:26,881] {processor.py:171} INFO - Processing /opt/airflow/dags/simple_dag.py took 0.072 seconds
[2022-05-04 14:06:56,943] {processor.py:163} INFO - Started process (PID=516) to work on /opt/airflow/dags/simple_dag.py
[2022-05-04 14:06:56,944] {processor.py:642} INFO - Processing file /opt/airflow/dags/simple_dag.py for tasks to queue
[2022-05-04 14:06:56,945] {logging_mixin.py:109} INFO - [2022-05-04 14:06:56,944] {dagbag.py:500} INFO - Filling up the DagBag from /opt/airflow/dags/simple_dag.py
[2022-05-04 14:06:56,980] {processor.py:654} INFO - DAG(s) dict_keys(['simple_dag']) retrieved from /opt/airflow/dags/simple_dag.py
[2022-05-04 14:06:56,993] {logging_mixin.py:109} INFO - [2022-05-04 14:06:56,993] {dag.py:2396} INFO - Sync 1 DAGs
[2022-05-04 14:06:57,010] {logging_mixin.py:109} INFO - [2022-05-04 14:06:57,010] {dag.py:2935} INFO - Setting next_dagrun for simple_dag to 2022-05-04T00:00:00+00:00
[2022-05-04 14:06:57,018] {processor.py:171} INFO - Processing /opt/airflow/dags/simple_dag.py took 0.077 seconds
[2022-05-04 14:07:27,112] {processor.py:163} INFO - Started process (PID=544) to work on /opt/airflow/dags/simple_dag.py
[2022-05-04 14:07:27,121] {processor.py:642} INFO - Processing file /opt/airflow/dags/simple_dag.py for tasks to queue
[2022-05-04 14:07:27,121] {logging_mixin.py:109} INFO - [2022-05-04 14:07:27,121] {dagbag.py:500} INFO - Filling up the DagBag from /opt/airflow/dags/simple_dag.py
[2022-05-04 14:07:27,141] {processor.py:654} INFO - DAG(s) dict_keys(['simple_dag']) retrieved from /opt/airflow/dags/simple_dag.py
[2022-05-04 14:07:27,148] {logging_mixin.py:109} INFO - [2022-05-04 14:07:27,148] {dag.py:2396} INFO - Sync 1 DAGs
[2022-05-04 14:07:27,162] {logging_mixin.py:109} INFO - [2022-05-04 14:07:27,162] {dag.py:2935} INFO - Setting next_dagrun for simple_dag to 2022-05-04T00:00:00+00:00
[2022-05-04 14:07:27,170] {processor.py:171} INFO - Processing /opt/airflow/dags/simple_dag.py took 0.060 seconds
[2022-05-04 14:07:57,199] {processor.py:163} INFO - Started process (PID=582) to work on /opt/airflow/dags/simple_dag.py
[2022-05-04 14:07:57,208] {processor.py:642} INFO - Processing file /opt/airflow/dags/simple_dag.py for tasks to queue
[2022-05-04 14:07:57,208] {logging_mixin.py:109} INFO - [2022-05-04 14:07:57,208] {dagbag.py:500} INFO - Filling up the DagBag from /opt/airflow/dags/simple_dag.py
[2022-05-04 14:07:57,227] {processor.py:654} INFO - DAG(s) dict_keys(['simple_dag']) retrieved from /opt/airflow/dags/simple_dag.py
[2022-05-04 14:07:57,233] {logging_mixin.py:109} INFO - [2022-05-04 14:07:57,233] {dag.py:2396} INFO - Sync 1 DAGs
[2022-05-04 14:07:57,244] {logging_mixin.py:109} INFO - [2022-05-04 14:07:57,244] {dag.py:2935} INFO - Setting next_dagrun for simple_dag to 2022-05-04T00:00:00+00:00
[2022-05-04 14:07:57,251] {processor.py:171} INFO - Processing /opt/airflow/dags/simple_dag.py took 0.054 seconds
[2022-05-04 14:08:27,369] {processor.py:163} INFO - Started process (PID=612) to work on /opt/airflow/dags/simple_dag.py
[2022-05-04 14:08:27,370] {processor.py:642} INFO - Processing file /opt/airflow/dags/simple_dag.py for tasks to queue
[2022-05-04 14:08:27,370] {logging_mixin.py:109} INFO - [2022-05-04 14:08:27,370] {dagbag.py:500} INFO - Filling up the DagBag from /opt/airflow/dags/simple_dag.py
[2022-05-04 14:08:27,395] {processor.py:654} INFO - DAG(s) dict_keys(['simple_dag']) retrieved from /opt/airflow/dags/simple_dag.py
[2022-05-04 14:08:27,408] {logging_mixin.py:109} INFO - [2022-05-04 14:08:27,408] {dag.py:2396} INFO - Sync 1 DAGs
[2022-05-04 14:08:27,427] {logging_mixin.py:109} INFO - [2022-05-04 14:08:27,427] {dag.py:2935} INFO - Setting next_dagrun for simple_dag to 2022-05-04T00:00:00+00:00
[2022-05-04 14:08:27,438] {processor.py:171} INFO - Processing /opt/airflow/dags/simple_dag.py took 0.072 seconds
