[2022-04-24 10:26:19,616] {taskinstance.py:1032} INFO - Dependencies all met for <TaskInstance: bq_ingestion_dag.download_dataset_task manual__2022-04-24T10:26:16.008173+00:00 [queued]>
[2022-04-24 10:26:19,627] {taskinstance.py:1032} INFO - Dependencies all met for <TaskInstance: bq_ingestion_dag.download_dataset_task manual__2022-04-24T10:26:16.008173+00:00 [queued]>
[2022-04-24 10:26:19,627] {taskinstance.py:1238} INFO - 
--------------------------------------------------------------------------------
[2022-04-24 10:26:19,628] {taskinstance.py:1239} INFO - Starting attempt 1 of 2
[2022-04-24 10:26:19,628] {taskinstance.py:1240} INFO - 
--------------------------------------------------------------------------------
[2022-04-24 10:26:19,641] {taskinstance.py:1259} INFO - Executing <Task(BashOperator): download_dataset_task> on 2022-04-24 10:26:16.008173+00:00
[2022-04-24 10:26:19,647] {standard_task_runner.py:52} INFO - Started process 220 to run task
[2022-04-24 10:26:19,652] {standard_task_runner.py:76} INFO - Running: ['***', 'tasks', 'run', 'bq_ingestion_dag', 'download_dataset_task', 'manual__2022-04-24T10:26:16.008173+00:00', '--job-id', '94', '--raw', '--subdir', 'DAGS_FOLDER/bq_ingestion_dag.py', '--cfg-path', '/tmp/tmp42zyho1l', '--error-file', '/tmp/tmpjbft_ela']
[2022-04-24 10:26:19,654] {standard_task_runner.py:77} INFO - Job 94: Subtask download_dataset_task
[2022-04-24 10:26:19,740] {logging_mixin.py:109} INFO - Running <TaskInstance: bq_ingestion_dag.download_dataset_task manual__2022-04-24T10:26:16.008173+00:00 [running]> on host 50de87bd443c
[2022-04-24 10:26:19,819] {taskinstance.py:1426} INFO - Exporting the following env vars:
AIRFLOW_CTX_DAG_OWNER=***
AIRFLOW_CTX_DAG_ID=bq_ingestion_dag
AIRFLOW_CTX_TASK_ID=download_dataset_task
AIRFLOW_CTX_EXECUTION_DATE=2022-04-24T10:26:16.008173+00:00
AIRFLOW_CTX_DAG_RUN_ID=manual__2022-04-24T10:26:16.008173+00:00
[2022-04-24 10:26:19,822] {subprocess.py:62} INFO - Tmp dir root location: 
 /tmp
[2022-04-24 10:26:19,823] {subprocess.py:74} INFO - Running command: ['bash', '-c', 'curl -sSL https://s3.amazonaws.com/nyc-tlc/trip+data/yellow_tripdata_2021-01.csv > /opt/***/yellow_tripdata_2021-01.csv']
[2022-04-24 10:26:19,849] {subprocess.py:85} INFO - Output:
[2022-04-24 10:27:16,838] {subprocess.py:93} INFO - Command exited with return code 0
[2022-04-24 10:27:16,877] {taskinstance.py:1277} INFO - Marking task as SUCCESS. dag_id=bq_ingestion_dag, task_id=download_dataset_task, execution_date=20220424T102616, start_date=20220424T102619, end_date=20220424T102716
[2022-04-24 10:27:16,920] {local_task_job.py:154} INFO - Task exited with return code 0
[2022-04-24 10:27:16,964] {local_task_job.py:264} INFO - 1 downstream tasks scheduled from follow-on schedule check
