[2022-04-24 05:13:18,722] {taskinstance.py:1032} INFO - Dependencies all met for <TaskInstance: simple_dag.sleep manual__2022-04-24T05:13:16.865098+00:00 [queued]>
[2022-04-24 05:13:18,731] {taskinstance.py:1032} INFO - Dependencies all met for <TaskInstance: simple_dag.sleep manual__2022-04-24T05:13:16.865098+00:00 [queued]>
[2022-04-24 05:13:18,731] {taskinstance.py:1238} INFO - 
--------------------------------------------------------------------------------
[2022-04-24 05:13:18,731] {taskinstance.py:1239} INFO - Starting attempt 1 of 1
[2022-04-24 05:13:18,731] {taskinstance.py:1240} INFO - 
--------------------------------------------------------------------------------
[2022-04-24 05:13:18,743] {taskinstance.py:1259} INFO - Executing <Task(BashOperator): sleep> on 2022-04-24 05:13:16.865098+00:00
[2022-04-24 05:13:18,747] {standard_task_runner.py:52} INFO - Started process 6276 to run task
[2022-04-24 05:13:18,749] {standard_task_runner.py:76} INFO - Running: ['***', 'tasks', 'run', 'simple_dag', 'sleep', 'manual__2022-04-24T05:13:16.865098+00:00', '--job-id', '52', '--raw', '--subdir', 'DAGS_FOLDER/simple_dag.py', '--cfg-path', '/tmp/tmpbr5r_d5p', '--error-file', '/tmp/tmp9sccom34']
[2022-04-24 05:13:18,750] {standard_task_runner.py:77} INFO - Job 52: Subtask sleep
[2022-04-24 05:13:18,799] {logging_mixin.py:109} INFO - Running <TaskInstance: simple_dag.sleep manual__2022-04-24T05:13:16.865098+00:00 [running]> on host 9b64561dbf51
[2022-04-24 05:13:18,853] {taskinstance.py:1426} INFO - Exporting the following env vars:
AIRFLOW_CTX_DAG_OWNER=***
AIRFLOW_CTX_DAG_ID=simple_dag
AIRFLOW_CTX_TASK_ID=sleep
AIRFLOW_CTX_EXECUTION_DATE=2022-04-24T05:13:16.865098+00:00
AIRFLOW_CTX_DAG_RUN_ID=manual__2022-04-24T05:13:16.865098+00:00
[2022-04-24 05:13:18,854] {subprocess.py:62} INFO - Tmp dir root location: 
 /tmp
[2022-04-24 05:13:18,854] {subprocess.py:74} INFO - Running command: ['bash', '-c', 'sleep 3']
[2022-04-24 05:13:18,864] {subprocess.py:85} INFO - Output:
[2022-04-24 05:13:21,868] {subprocess.py:93} INFO - Command exited with return code 0
[2022-04-24 05:13:21,901] {taskinstance.py:1277} INFO - Marking task as SUCCESS. dag_id=simple_dag, task_id=sleep, execution_date=20220424T051316, start_date=20220424T051318, end_date=20220424T051321
[2022-04-24 05:13:21,931] {local_task_job.py:154} INFO - Task exited with return code 0
[2022-04-24 05:13:21,957] {local_task_job.py:264} INFO - 1 downstream tasks scheduled from follow-on schedule check
