[2022-05-04 14:00:00,252] {taskinstance.py:1032} INFO - Dependencies all met for <TaskInstance: simple_dag.sleep scheduled__2022-05-03T00:00:00+00:00 [queued]>
[2022-05-04 14:00:00,262] {taskinstance.py:1032} INFO - Dependencies all met for <TaskInstance: simple_dag.sleep scheduled__2022-05-03T00:00:00+00:00 [queued]>
[2022-05-04 14:00:00,262] {taskinstance.py:1238} INFO - 
--------------------------------------------------------------------------------
[2022-05-04 14:00:00,263] {taskinstance.py:1239} INFO - Starting attempt 1 of 1
[2022-05-04 14:00:00,263] {taskinstance.py:1240} INFO - 
--------------------------------------------------------------------------------
[2022-05-04 14:00:00,274] {taskinstance.py:1259} INFO - Executing <Task(BashOperator): sleep> on 2022-05-03 00:00:00+00:00
[2022-05-04 14:00:00,278] {standard_task_runner.py:52} INFO - Started process 68 to run task
[2022-05-04 14:00:00,282] {standard_task_runner.py:76} INFO - Running: ['***', 'tasks', 'run', 'simple_dag', 'sleep', 'scheduled__2022-05-03T00:00:00+00:00', '--job-id', '113', '--raw', '--subdir', 'DAGS_FOLDER/simple_dag.py', '--cfg-path', '/tmp/tmpzss28x7o', '--error-file', '/tmp/tmpxn9opk75']
[2022-05-04 14:00:00,282] {standard_task_runner.py:77} INFO - Job 113: Subtask sleep
[2022-05-04 14:00:00,351] {logging_mixin.py:109} INFO - Running <TaskInstance: simple_dag.sleep scheduled__2022-05-03T00:00:00+00:00 [running]> on host d35e8c798139
[2022-05-04 14:00:00,417] {taskinstance.py:1426} INFO - Exporting the following env vars:
AIRFLOW_CTX_DAG_OWNER=***
AIRFLOW_CTX_DAG_ID=simple_dag
AIRFLOW_CTX_TASK_ID=sleep
AIRFLOW_CTX_EXECUTION_DATE=2022-05-03T00:00:00+00:00
AIRFLOW_CTX_DAG_RUN_ID=scheduled__2022-05-03T00:00:00+00:00
[2022-05-04 14:00:00,418] {subprocess.py:62} INFO - Tmp dir root location: 
 /tmp
[2022-05-04 14:00:00,419] {subprocess.py:74} INFO - Running command: ['bash', '-c', 'sleep 3']
[2022-05-04 14:00:00,429] {subprocess.py:85} INFO - Output:
[2022-05-04 14:00:03,434] {subprocess.py:93} INFO - Command exited with return code 0
[2022-05-04 14:00:03,533] {taskinstance.py:1277} INFO - Marking task as SUCCESS. dag_id=simple_dag, task_id=sleep, execution_date=20220503T000000, start_date=20220504T140000, end_date=20220504T140003
[2022-05-04 14:00:03,615] {local_task_job.py:154} INFO - Task exited with return code 0
[2022-05-04 14:00:03,735] {local_task_job.py:264} INFO - 1 downstream tasks scheduled from follow-on schedule check
