[2022-04-24 10:34:48,150] {taskinstance.py:1032} INFO - Dependencies all met for <TaskInstance: bq_ingestion_dag.upload_to_gcs_task manual__2022-04-24T10:33:59.732023+00:00 [queued]>
[2022-04-24 10:34:48,162] {taskinstance.py:1032} INFO - Dependencies all met for <TaskInstance: bq_ingestion_dag.upload_to_gcs_task manual__2022-04-24T10:33:59.732023+00:00 [queued]>
[2022-04-24 10:34:48,162] {taskinstance.py:1238} INFO - 
--------------------------------------------------------------------------------
[2022-04-24 10:34:48,162] {taskinstance.py:1239} INFO - Starting attempt 1 of 2
[2022-04-24 10:34:48,162] {taskinstance.py:1240} INFO - 
--------------------------------------------------------------------------------
[2022-04-24 10:34:48,174] {taskinstance.py:1259} INFO - Executing <Task(PythonOperator): upload_to_gcs_task> on 2022-04-24 10:33:59.732023+00:00
[2022-04-24 10:34:48,181] {standard_task_runner.py:52} INFO - Started process 144 to run task
[2022-04-24 10:34:48,185] {standard_task_runner.py:76} INFO - Running: ['***', 'tasks', 'run', 'bq_ingestion_dag', 'upload_to_gcs_task', 'manual__2022-04-24T10:33:59.732023+00:00', '--job-id', '102', '--raw', '--subdir', 'DAGS_FOLDER/bq_ingestion_dag.py', '--cfg-path', '/tmp/tmpv6mvxvpz', '--error-file', '/tmp/tmpnyl7wdpm']
[2022-04-24 10:34:48,186] {standard_task_runner.py:77} INFO - Job 102: Subtask upload_to_gcs_task
[2022-04-24 10:34:48,245] {logging_mixin.py:109} INFO - Running <TaskInstance: bq_ingestion_dag.upload_to_gcs_task manual__2022-04-24T10:33:59.732023+00:00 [running]> on host 8273b81fdd35
[2022-04-24 10:34:48,305] {taskinstance.py:1426} INFO - Exporting the following env vars:
AIRFLOW_CTX_DAG_OWNER=***
AIRFLOW_CTX_DAG_ID=bq_ingestion_dag
AIRFLOW_CTX_TASK_ID=upload_to_gcs_task
AIRFLOW_CTX_EXECUTION_DATE=2022-04-24T10:33:59.732023+00:00
AIRFLOW_CTX_DAG_RUN_ID=manual__2022-04-24T10:33:59.732023+00:00
[2022-04-24 10:35:15,613] {python.py:175} INFO - Done. Returned value was: None
[2022-04-24 10:35:15,627] {taskinstance.py:1277} INFO - Marking task as SUCCESS. dag_id=bq_ingestion_dag, task_id=upload_to_gcs_task, execution_date=20220424T103359, start_date=20220424T103448, end_date=20220424T103515
[2022-04-24 10:35:15,691] {local_task_job.py:154} INFO - Task exited with return code 0
[2022-04-24 10:35:15,767] {local_task_job.py:264} INFO - 1 downstream tasks scheduled from follow-on schedule check
