[2022-04-24 10:27:18,887] {taskinstance.py:1032} INFO - Dependencies all met for <TaskInstance: bq_ingestion_dag.format_to_parquet manual__2022-04-24T10:26:16.008173+00:00 [queued]>
[2022-04-24 10:27:18,900] {taskinstance.py:1032} INFO - Dependencies all met for <TaskInstance: bq_ingestion_dag.format_to_parquet manual__2022-04-24T10:26:16.008173+00:00 [queued]>
[2022-04-24 10:27:18,900] {taskinstance.py:1238} INFO - 
--------------------------------------------------------------------------------
[2022-04-24 10:27:18,900] {taskinstance.py:1239} INFO - Starting attempt 1 of 2
[2022-04-24 10:27:18,900] {taskinstance.py:1240} INFO - 
--------------------------------------------------------------------------------
[2022-04-24 10:27:18,916] {taskinstance.py:1259} INFO - Executing <Task(PythonOperator): format_to_parquet> on 2022-04-24 10:26:16.008173+00:00
[2022-04-24 10:27:18,922] {standard_task_runner.py:52} INFO - Started process 274 to run task
[2022-04-24 10:27:18,926] {standard_task_runner.py:76} INFO - Running: ['***', 'tasks', 'run', 'bq_ingestion_dag', 'format_to_parquet', 'manual__2022-04-24T10:26:16.008173+00:00', '--job-id', '95', '--raw', '--subdir', 'DAGS_FOLDER/bq_ingestion_dag.py', '--cfg-path', '/tmp/tmpjdpud3ee', '--error-file', '/tmp/tmp9ef7u_a6']
[2022-04-24 10:27:18,927] {standard_task_runner.py:77} INFO - Job 95: Subtask format_to_parquet
[2022-04-24 10:27:18,987] {logging_mixin.py:109} INFO - Running <TaskInstance: bq_ingestion_dag.format_to_parquet manual__2022-04-24T10:26:16.008173+00:00 [running]> on host 50de87bd443c
[2022-04-24 10:27:19,055] {taskinstance.py:1426} INFO - Exporting the following env vars:
AIRFLOW_CTX_DAG_OWNER=***
AIRFLOW_CTX_DAG_ID=bq_ingestion_dag
AIRFLOW_CTX_TASK_ID=format_to_parquet
AIRFLOW_CTX_EXECUTION_DATE=2022-04-24T10:26:16.008173+00:00
AIRFLOW_CTX_DAG_RUN_ID=manual__2022-04-24T10:26:16.008173+00:00
[2022-04-24 10:27:20,919] {python.py:175} INFO - Done. Returned value was: None
[2022-04-24 10:27:20,938] {taskinstance.py:1277} INFO - Marking task as SUCCESS. dag_id=bq_ingestion_dag, task_id=format_to_parquet, execution_date=20220424T102616, start_date=20220424T102718, end_date=20220424T102720
[2022-04-24 10:27:21,047] {local_task_job.py:154} INFO - Task exited with return code 0
[2022-04-24 10:27:21,177] {local_task_job.py:264} INFO - 1 downstream tasks scheduled from follow-on schedule check
