[2022-04-24 05:13:17,510] {taskinstance.py:1032} INFO - Dependencies all met for <TaskInstance: simple_dag.print_date manual__2022-04-24T05:13:16.865098+00:00 [queued]>
[2022-04-24 05:13:17,523] {taskinstance.py:1032} INFO - Dependencies all met for <TaskInstance: simple_dag.print_date manual__2022-04-24T05:13:16.865098+00:00 [queued]>
[2022-04-24 05:13:17,524] {taskinstance.py:1238} INFO - 
--------------------------------------------------------------------------------
[2022-04-24 05:13:17,524] {taskinstance.py:1239} INFO - Starting attempt 1 of 1
[2022-04-24 05:13:17,524] {taskinstance.py:1240} INFO - 
--------------------------------------------------------------------------------
[2022-04-24 05:13:17,542] {taskinstance.py:1259} INFO - Executing <Task(BashOperator): print_date> on 2022-04-24 05:13:16.865098+00:00
[2022-04-24 05:13:17,547] {standard_task_runner.py:52} INFO - Started process 6273 to run task
[2022-04-24 05:13:17,550] {standard_task_runner.py:76} INFO - Running: ['***', 'tasks', 'run', 'simple_dag', 'print_date', 'manual__2022-04-24T05:13:16.865098+00:00', '--job-id', '51', '--raw', '--subdir', 'DAGS_FOLDER/simple_dag.py', '--cfg-path', '/tmp/tmpk3_gawza', '--error-file', '/tmp/tmp9gns7pq9']
[2022-04-24 05:13:17,551] {standard_task_runner.py:77} INFO - Job 51: Subtask print_date
[2022-04-24 05:13:17,613] {logging_mixin.py:109} INFO - Running <TaskInstance: simple_dag.print_date manual__2022-04-24T05:13:16.865098+00:00 [running]> on host 9b64561dbf51
[2022-04-24 05:13:17,678] {taskinstance.py:1426} INFO - Exporting the following env vars:
AIRFLOW_CTX_DAG_OWNER=***
AIRFLOW_CTX_DAG_ID=simple_dag
AIRFLOW_CTX_TASK_ID=print_date
AIRFLOW_CTX_EXECUTION_DATE=2022-04-24T05:13:16.865098+00:00
AIRFLOW_CTX_DAG_RUN_ID=manual__2022-04-24T05:13:16.865098+00:00
[2022-04-24 05:13:17,680] {subprocess.py:62} INFO - Tmp dir root location: 
 /tmp
[2022-04-24 05:13:17,681] {subprocess.py:74} INFO - Running command: ['bash', '-c', 'date']
[2022-04-24 05:13:17,696] {subprocess.py:85} INFO - Output:
[2022-04-24 05:13:17,701] {subprocess.py:89} INFO - Sun Apr 24 05:13:17 UTC 2022
[2022-04-24 05:13:17,701] {subprocess.py:93} INFO - Command exited with return code 0
[2022-04-24 05:13:17,731] {taskinstance.py:1277} INFO - Marking task as SUCCESS. dag_id=simple_dag, task_id=print_date, execution_date=20220424T051316, start_date=20220424T051317, end_date=20220424T051317
[2022-04-24 05:13:17,762] {local_task_job.py:154} INFO - Task exited with return code 0
[2022-04-24 05:13:17,806] {local_task_job.py:264} INFO - 1 downstream tasks scheduled from follow-on schedule check
